2017-11-02 13:41:14.066 INFO  com.see.web.Application Line:593 - No active profile set, falling back to default profiles: default
2017-11-02 13:41:15.222 INFO  org.apache.catalina.core.StandardService Line:179 - Starting service [Tomcat]
2017-11-02 13:41:15.238 INFO  org.apache.catalina.core.StandardEngine Line:179 - Starting Servlet Engine: Apache Tomcat/8.5.15
2017-11-02 13:41:15.331 INFO  org.apache.catalina.core.ContainerBase.[Tomcat].[localhost].[/] Line:179 - Initializing Spring embedded WebApplicationContext
2017-11-02 13:41:16.813 INFO  com.netflix.config.sources.URLConfigurationSource Line:122 - To enable URLs as dynamic configuration sources, define System property archaius.configurationSource.additionalUrls or make config.properties available on classpath.
2017-11-02 13:41:16.815 INFO  com.netflix.config.sources.URLConfigurationSource Line:122 - To enable URLs as dynamic configuration sources, define System property archaius.configurationSource.additionalUrls or make config.properties available on classpath.
2017-11-02 13:41:17.847 INFO  com.netflix.discovery.DiscoveryClient Line:344 - Initializing Eureka in region us-east-1
2017-11-02 13:41:18.032 INFO  com.netflix.discovery.provider.DiscoveryJerseyProvider Line:70  - Using JSON encoding codec LegacyJacksonJson
2017-11-02 13:41:18.032 INFO  com.netflix.discovery.provider.DiscoveryJerseyProvider Line:71  - Using JSON decoding codec LegacyJacksonJson
2017-11-02 13:41:18.126 INFO  com.netflix.discovery.provider.DiscoveryJerseyProvider Line:80  - Using XML encoding codec XStreamXml
2017-11-02 13:41:18.126 INFO  com.netflix.discovery.provider.DiscoveryJerseyProvider Line:81  - Using XML decoding codec XStreamXml
2017-11-02 13:41:18.329 INFO  com.netflix.discovery.shared.resolver.aws.ConfigClusterResolver Line:43  - Resolving eureka endpoints via configuration
2017-11-02 13:41:18.391 INFO  com.netflix.discovery.DiscoveryClient Line:920 - Disable delta property : false
2017-11-02 13:41:18.391 INFO  com.netflix.discovery.DiscoveryClient Line:921 - Single vip registry refresh property : null
2017-11-02 13:41:18.391 INFO  com.netflix.discovery.DiscoveryClient Line:922 - Force full registry fetch : false
2017-11-02 13:41:18.391 INFO  com.netflix.discovery.DiscoveryClient Line:923 - Application is null : false
2017-11-02 13:41:18.391 INFO  com.netflix.discovery.DiscoveryClient Line:924 - Registered Applications size is zero : true
2017-11-02 13:41:18.391 INFO  com.netflix.discovery.DiscoveryClient Line:926 - Application version is -1: true
2017-11-02 13:41:18.391 INFO  com.netflix.discovery.DiscoveryClient Line:1009 - Getting all instance registry info from the eureka server
2017-11-02 13:41:18.563 INFO  com.netflix.discovery.DiscoveryClient Line:1018 - The response status is 200
2017-11-02 13:41:18.563 INFO  com.netflix.discovery.DiscoveryClient Line:1244 - Starting heartbeat executor: renew interval is: 5
2017-11-02 13:41:18.563 INFO  com.netflix.discovery.InstanceInfoReplicator Line:59  - InstanceInfoReplicator onDemand update allowed rate per min is 4
2017-11-02 13:41:18.579 INFO  com.netflix.discovery.DiscoveryClient Line:425 - Discovery Client initialized at timestamp 1509601278579 with initial instances count: 0
2017-11-02 13:41:18.610 INFO  com.netflix.discovery.DiscoveryClient Line:1279 - Saw local status change event StatusChangeEvent [timestamp=1509601278610, current=UP, previous=STARTING]
2017-11-02 13:41:18.641 INFO  com.netflix.discovery.DiscoveryClient Line:795 - DiscoveryClient_SEE-WEB-TRANSACTION/see-web-transaction:192.168.56.1:7100: registering service...
2017-11-02 13:41:18.673 INFO  com.see.web.Application Line:20  - 启动完成！
2017-11-02 13:41:18.688 INFO  com.see.web.Application Line:57  - Started Application in 8.029 seconds (JVM running for 8.438)
2017-11-02 13:41:18.965 INFO  com.netflix.discovery.DiscoveryClient Line:804 - DiscoveryClient_SEE-WEB-TRANSACTION/see-web-transaction:192.168.56.1:7100 - registration status: 204
